[2025-05-13 15:37:33.4877846] Console created
[2025-05-13 15:37:33.4899966] UE4SS - v3.0.1 Beta #0 - Git SHA #80b67cc
[2025-05-13 15:37:33.4902064] UE4SS Build Configuration: Game__Shipping__Win64 (MSVC)
[2025-05-13 15:37:33.5028033] Setting up mods...
[2025-05-13 15:37:33.5050551] Starting mods (from mods.txt load order)...
[2025-05-13 15:37:33.5056514] Starting mods (from enabled.txt, no defined load order)...
[2025-05-13 15:37:33.5069845] No specific game configuration found, using default configuration file
[2025-05-13 15:37:33.5070453] Config: C:\Users\lbatv\AppData\Roaming\UnrealVRMod\AOB426-Win64-Shipping\plugins\ue4ss\UE4SS-settings.ini

[2025-05-13 15:37:33.5070876] root directory: C:\Users\lbatv\AppData\Roaming\UnrealVRMod\AOB426-Win64-Shipping\plugins\ue4ss
[2025-05-13 15:37:33.5071134] working directory: C:\Users\lbatv\AppData\Roaming\UnrealVRMod\AOB426-Win64-Shipping\plugins\ue4ss
[2025-05-13 15:37:33.5071375] game executable directory: R:\Unreal Projects\AOB426\build\WindowsNoEditor\AOB426\Binaries\Win64
[2025-05-13 15:37:33.5072001] game executable: R:\Unreal Projects\AOB426\build\WindowsNoEditor\AOB426\Binaries\Win64\AOB426-Win64-Shipping.exe (74177024 bytes)


[2025-05-13 15:37:33.5072321] mods directory: C:\Users\lbatv\AppData\Roaming\UnrealVRMod\AOB426-Win64-Shipping\plugins\ue4ss\Mods
[2025-05-13 15:37:33.5072552] log directory: C:\Users\lbatv\AppData\Roaming\UnrealVRMod\AOB426-Win64-Shipping\plugins\ue4ss
[2025-05-13 15:37:33.5072771] object dumper directory: C:\Users\lbatv\AppData\Roaming\UnrealVRMod\AOB426-Win64-Shipping\plugins\ue4ss


[2025-05-13 15:37:33.5164801] Getting ordered lists from ini file
[2025-05-13 15:37:33.5191784] UObjectBase
[2025-05-13 15:37:33.5196251] UObjectBase::__vecDelDtor = 0x0
[2025-05-13 15:37:33.5205017] UObjectBase::RegisterDependencies = 0x8
[2025-05-13 15:37:33.5206054] UObjectBase::DeferredRegister = 0x10
[2025-05-13 15:37:33.5206946] UObjectBaseUtility
[2025-05-13 15:37:33.5207296] UObjectBaseUtility::__vecDelDtor = 0x0
[2025-05-13 15:37:33.5207737] UObjectBaseUtility::CanBeClusterRoot = 0x18
[2025-05-13 15:37:33.5224755] UObjectBaseUtility::CanBeInCluster = 0x20
[2025-05-13 15:37:33.5225636] UObjectBaseUtility::CreateCluster = 0x28
[2025-05-13 15:37:33.5226280] UObjectBaseUtility::OnClusterMarkedAsPendingKill = 0x30
[2025-05-13 15:37:33.5226842] UObject
[2025-05-13 15:37:33.5229585] UObject::__vecDelDtor = 0x0
[2025-05-13 15:37:33.5230255] UObject::GetDetailedInfoInternal = 0x38
[2025-05-13 15:37:33.5230938] UObject::PostInitProperties = 0x40
[2025-05-13 15:37:33.5237057] UObject::PostCDOContruct = 0x48
[2025-05-13 15:37:33.5237737] UObject::PreSaveRoot = 0x50
[2025-05-13 15:37:33.5238476] UObject::PostSaveRoot = 0x58
[2025-05-13 15:37:33.5239069] UObject::PreSave = 0x60
[2025-05-13 15:37:33.5239601] UObject::IsReadyForAsyncPostLoad = 0x68
[2025-05-13 15:37:33.5240177] UObject::PostLoad = 0x70
[2025-05-13 15:37:33.5241076] UObject::PostLoadSubobjects = 0x78
[2025-05-13 15:37:33.5241749] UObject::BeginDestroy = 0x80
[2025-05-13 15:37:33.5242291] UObject::IsReadyForFinishDestroy = 0x88
[2025-05-13 15:37:33.5242831] UObject::FinishDestroy = 0x90
[2025-05-13 15:37:33.5243403] UObject::Serialize = 0x98
[2025-05-13 15:37:33.5244326] UObject::Serialize_1 = 0xA0
[2025-05-13 15:37:33.5244875] UObject::ShutdownAfterError = 0xA8
[2025-05-13 15:37:33.5245402] UObject::PostInterpChange = 0xB0
[2025-05-13 15:37:33.5246448] UObject::PostRename = 0xB8
[2025-05-13 15:37:33.5247165] UObject::PreDuplicate = 0xC0
[2025-05-13 15:37:33.5247980] UObject::PostDuplicate = 0xC8
[2025-05-13 15:37:33.5264204] UObject::PostDuplicate_1 = 0xD0
[2025-05-13 15:37:33.5270705] UObject::NeedsLoadForClient = 0xD8
[2025-05-13 15:37:33.5271624] UObject::NeedsLoadForServer = 0xE0
[2025-05-13 15:37:33.5272361] UObject::NeedsLoadForTargetPlatform = 0xE8
[2025-05-13 15:37:33.5272911] UObject::NeedsLoadForEditorGame = 0xF0
[2025-05-13 15:37:33.5273526] UObject::IsEditorOnly = 0xF8
[2025-05-13 15:37:33.5274189] UObject::IsPostLoadThreadSafe = 0x100
[2025-05-13 15:37:33.5275488] UObject::IsDestructionThreadSafe = 0x108
[2025-05-13 15:37:33.5276488] UObject::GetPreloadDependencies = 0x110
[2025-05-13 15:37:33.5277065] UObject::GetPrestreamPackages = 0x118
[2025-05-13 15:37:33.5277835] UObject::ExportCustomProperties = 0x120
[2025-05-13 15:37:33.5278577] UObject::ImportCustomProperties = 0x128
[2025-05-13 15:37:33.5279156] UObject::PostEditImport = 0x130
[2025-05-13 15:37:33.5280380] UObject::PostReloadConfig = 0x138
[2025-05-13 15:37:33.5280933] UObject::Rename = 0x140
[2025-05-13 15:37:33.5282288] UObject::GetDesc = 0x148
[2025-05-13 15:37:33.5282774] UObject::GetSparseClassDataStruct = 0x150
[2025-05-13 15:37:33.5283300] UObject::GetWorld = 0x158
[2025-05-13 15:37:33.5283707] UObject::GetNativePropertyValues = 0x160
[2025-05-13 15:37:33.5284269] UObject::GetResourceSizeEx = 0x168
[2025-05-13 15:37:33.5284771] UObject::GetExporterName = 0x170
[2025-05-13 15:37:33.5285156] UObject::GetRestoreForUObjectOverwrite = 0x178
[2025-05-13 15:37:33.5285468] UObject::AreNativePropertiesIdenticalTo = 0x180
[2025-05-13 15:37:33.5285769] UObject::GetAssetRegistryTags = 0x188
[2025-05-13 15:37:33.5286052] UObject::IsAsset = 0x190
[2025-05-13 15:37:33.5286490] UObject::GetPrimaryAssetId = 0x198
[2025-05-13 15:37:33.5286958] UObject::IsLocalizedResource = 0x1A0
[2025-05-13 15:37:33.5287365] UObject::IsSafeForRootSet = 0x1A8
[2025-05-13 15:37:33.5287681] UObject::TagSubobjects = 0x1B0
[2025-05-13 15:37:33.5287992] UObject::GetLifetimeReplicatedProps = 0x1B8
[2025-05-13 15:37:33.5288298] UObject::IsNameStableForNetworking = 0x1C0
[2025-05-13 15:37:33.5288583] UObject::IsFullNameStableForNetworking = 0x1C8
[2025-05-13 15:37:33.5289198] UObject::IsSupportedForNetworking = 0x1D0
[2025-05-13 15:37:33.5289592] UObject::GetSubobjectsWithStableNamesForNetworking = 0x1D8
[2025-05-13 15:37:33.5289950] UObject::PreNetReceive = 0x1E0
[2025-05-13 15:37:33.5290240] UObject::PostNetReceive = 0x1E8
[2025-05-13 15:37:33.5290523] UObject::PostRepNotifies = 0x1F0
[2025-05-13 15:37:33.5290816] UObject::PreDestroyFromReplication = 0x1F8
[2025-05-13 15:37:33.5291098] UObject::BuildSubobjectMapping = 0x200
[2025-05-13 15:37:33.5291374] UObject::GetConfigOverridePlatform = 0x208
[2025-05-13 15:37:33.5297343] UObject::OverridePerObjectConfigSection = 0x210
[2025-05-13 15:37:33.5299607] UObject::ProcessEvent = 0x218
[2025-05-13 15:37:33.5305282] UObject::GetFunctionCallspace = 0x220
[2025-05-13 15:37:33.5306071] UObject::CallRemoteFunction = 0x228
[2025-05-13 15:37:33.5306818] UObject::ProcessConsoleExec = 0x230
[2025-05-13 15:37:33.5316624] UObject::RegenerateClass = 0x238
[2025-05-13 15:37:33.5317163] UObject::MarkAsEditorOnlySubobject = 0x240
[2025-05-13 15:37:33.5317534] UObject::CheckDefaultSubobjectsInternal = 0x248
[2025-05-13 15:37:33.5317842] UObject::ValidateGeneratedRepEnums = 0x250
[2025-05-13 15:37:33.5318135] UObject::SetNetPushIdDynamic = 0x258
[2025-05-13 15:37:33.5318415] UObject::GetNetPushIdDynamic = 0x260
[2025-05-13 15:37:33.5319108] UField
[2025-05-13 15:37:33.5319531] UField::__vecDelDtor = 0x0
[2025-05-13 15:37:33.5319913] UField::AddCppProperty = 0x268
[2025-05-13 15:37:33.5320176] UField::Bind = 0x270
[2025-05-13 15:37:33.5320419] UEngine
[2025-05-13 15:37:33.5320996] UEngine::__vecDelDtor = 0x0
[2025-05-13 15:37:33.5321546] UEngine::WorldAdded = 0x268
[2025-05-13 15:37:33.5322030] UEngine::WorldDestroyed = 0x270
[2025-05-13 15:37:33.5322363] UEngine::IsInitialized = 0x278
[2025-05-13 15:37:33.5322830] UEngine::GetDefaultWorldFeatureLevel = 0x280
[2025-05-13 15:37:33.5323384] UEngine::Init = 0x288
[2025-05-13 15:37:33.5324093] UEngine::Start = 0x290
[2025-05-13 15:37:33.5324660] UEngine::PreExit = 0x298
[2025-05-13 15:37:33.5325196] UEngine::ReleaseAudioDeviceManager = 0x2A0
[2025-05-13 15:37:33.5325875] UEngine::Tick = 0x2A8
[2025-05-13 15:37:33.5326875] UEngine::CorrectNegativeTimeDelta = 0x2B0
[2025-05-13 15:37:33.5327534] UEngine::GetMaxTickRate = 0x2B8
[2025-05-13 15:37:33.5328069] UEngine::GetMaxFPS = 0x2C0
[2025-05-13 15:37:33.5328592] UEngine::SetMaxFPS = 0x2C8
[2025-05-13 15:37:33.5329346] UEngine::UpdateRunningAverageDeltaTime = 0x2D0
[2025-05-13 15:37:33.5329979] UEngine::IsAllowedFramerateSmoothing = 0x2D8
[2025-05-13 15:37:33.5330563] UEngine::OnLostFocusPause = 0x2E0
[2025-05-13 15:37:33.5331340] UEngine::ShouldThrottleCPUUsage = 0x2E8
[2025-05-13 15:37:33.5332551] UEngine::ShouldDrawBrushWireframe = 0x2F0
[2025-05-13 15:37:33.5333107] UEngine::GetMapBuildCancelled = 0x2F8
[2025-05-13 15:37:33.5345252] UEngine::SetMapBuildCancelled = 0x300
[2025-05-13 15:37:33.5346609] UEngine::GetPropertyColorationColor = 0x308
[2025-05-13 15:37:33.5347356] UEngine::AllowSelectTranslucent = 0x310
[2025-05-13 15:37:33.5347924] UEngine::OnlyLoadEditorVisibleLevelsInPIE = 0x318
[2025-05-13 15:37:33.5348465] UEngine::PreferToStreamLevelsInPIE = 0x320
[2025-05-13 15:37:33.5349076] UEngine::GetSpriteCategoryIndex = 0x328
[2025-05-13 15:37:33.5351927] UEngine::StartFPSChart = 0x330
[2025-05-13 15:37:33.5352503] UEngine::StopFPSChart = 0x338
[2025-05-13 15:37:33.5352944] UEngine::ProcessToggleFreezeCommand = 0x340
[2025-05-13 15:37:33.5353488] UEngine::ProcessToggleFreezeStreamingCommand = 0x348
[2025-05-13 15:37:33.5358250] UEngine::IsSplitScreen = 0x350
[2025-05-13 15:37:33.5359109] UEngine::IsSettingUpPlayWorld = 0x358
[2025-05-13 15:37:33.5359693] UEngine::GetGameViewportWidget = 0x360
[2025-05-13 15:37:33.5360404] UEngine::FocusNextPIEWorld = 0x368
[2025-05-13 15:37:33.5360890] UEngine::ResetPIEAudioSetting = 0x370
[2025-05-13 15:37:33.5361232] UEngine::GetNextPIEViewport = 0x378
[2025-05-13 15:37:33.5361706] UEngine::RemapGamepadControllerIdForPIE = 0x380
[2025-05-13 15:37:33.5362320] UEngine::NotifyToolsOfObjectReplacement = 0x388
[2025-05-13 15:37:33.5362691] UEngine::UseSound = 0x390
[2025-05-13 15:37:33.5362983] UEngine::CreatePIEWorldByDuplication = 0x398
[2025-05-13 15:37:33.5363365] UEngine::Experimental_ShouldPreDuplicateMap = 0x3A0
[2025-05-13 15:37:33.5363672] UEngine::InitializeAudioDeviceManager = 0x3A8
[2025-05-13 15:37:33.5363982] UEngine::InitializeHMDDevice = 0x3B0
[2025-05-13 15:37:33.5364290] UEngine::InitializeEyeTrackingDevice = 0x3B8
[2025-05-13 15:37:33.5364755] UEngine::RecordHMDAnalytics = 0x3C0
[2025-05-13 15:37:33.5365054] UEngine::InitializeObjectReferences = 0x3C8
[2025-05-13 15:37:33.5365316] UEngine::InitializePortalServices = 0x3D0
[2025-05-13 15:37:33.5365610] UEngine::InitializeRunningAverageDeltaTime = 0x3D8
[2025-05-13 15:37:33.5365891] UEngine::SpawnServerActors = 0x3E0
[2025-05-13 15:37:33.5366226] UEngine::HandleNetworkFailure = 0x3E8
[2025-05-13 15:37:33.5367286] UEngine::HandleTravelFailure = 0x3F0
[2025-05-13 15:37:33.5368326] UEngine::HandleNetworkLagStateChanged = 0x3F8
[2025-05-13 15:37:33.5368706] UEngine::NetworkRemapPath = 0x400
[2025-05-13 15:37:33.5369037] UEngine::NetworkRemapPath_1 = 0x408
[2025-05-13 15:37:33.5369444] UEngine::NetworkRemapPath_2 = 0x410
[2025-05-13 15:37:33.5370023] UEngine::HandleOpenCommand = 0x418
[2025-05-13 15:37:33.5370593] UEngine::HandleTravelCommand = 0x420
[2025-05-13 15:37:33.5371365] UEngine::HandleStreamMapCommand = 0x428
[2025-05-13 15:37:33.5371595] UEngine::HandleServerTravelCommand = 0x430
[2025-05-13 15:37:33.5372203] UEngine::HandleSayCommand = 0x438
[2025-05-13 15:37:33.5372463] UEngine::HandleDisconnectCommand = 0x440
[2025-05-13 15:37:33.5372717] UEngine::HandleReconnectCommand = 0x448
[2025-05-13 15:37:33.5373184] UEngine::Browse = 0x450
[2025-05-13 15:37:33.5373477] UEngine::TickWorldTravel = 0x458
[2025-05-13 15:37:33.5373770] UEngine::LoadMap = 0x460
[2025-05-13 15:37:33.5374014] UEngine::RedrawViewports = 0x468
[2025-05-13 15:37:33.5374238] UEngine::TriggerStreamingDataRebuild = 0x470
[2025-05-13 15:37:33.5374471] UEngine::LoadMapRedrawViewports = 0x478
[2025-05-13 15:37:33.5374689] UEngine::CancelAllPending = 0x480
[2025-05-13 15:37:33.5374935] UEngine::CancelPending = 0x488
[2025-05-13 15:37:33.5379652] UEngine::CancelPending_1 = 0x490
[2025-05-13 15:37:33.5380831] UEngine::CancelPending_2 = 0x498
[2025-05-13 15:37:33.5382570] UEngine::WorldIsPIEInNewViewport = 0x4A0
[2025-05-13 15:37:33.5383113] UEngine::VerifyLoadMapWorldCleanup = 0x4A8
[2025-05-13 15:37:33.5383436] UEngine::DestroyWorldContext = 0x4B0
[2025-05-13 15:37:33.5384337] UEngine::AreEditorAnalyticsEnabled = 0x4B8
[2025-05-13 15:37:33.5384788] UEngine::CreateStartupAnalyticsAttributes = 0x4C0
[2025-05-13 15:37:33.5385149] UEngine::IsAutosaving = 0x4C8
[2025-05-13 15:37:33.5385505] UEngine::ShouldDoAsyncEndOfFrameTasks = 0x4D0
[2025-05-13 15:37:33.5385827] UEngine::MovePendingLevel = 0x4D8
[2025-05-13 15:37:33.5386115] UEngine::ShouldShutdownWorldNetDriver = 0x4E0
[2025-05-13 15:37:33.5386395] UEngine::HandleBrowseToDefaultMapFailure = 0x4E8
[2025-05-13 15:37:33.5386687] UEngine::HandleNetworkFailure_NotifyGameInstance = 0x4F0
[2025-05-13 15:37:33.5389356] UEngine::HandleTravelFailure_NotifyGameInstance = 0x4F8
[2025-05-13 15:37:33.5395628] UScriptStruct::ICppStructOps
[2025-05-13 15:37:33.5397691] UScriptStruct::ICppStructOps::__vecDelDtor = 0x0
[2025-05-13 15:37:33.5398278] UScriptStruct::ICppStructOps::HasNoopConstructor = 0x8
[2025-05-13 15:37:33.5398745] UScriptStruct::ICppStructOps::HasZeroConstructor = 0x10
[2025-05-13 15:37:33.5399174] UScriptStruct::ICppStructOps::Construct = 0x18
[2025-05-13 15:37:33.5399568] UScriptStruct::ICppStructOps::HasDestructor = 0x20
[2025-05-13 15:37:33.5399861] UScriptStruct::ICppStructOps::Destruct = 0x28
[2025-05-13 15:37:33.5400196] UScriptStruct::ICppStructOps::HasSerializer = 0x30
[2025-05-13 15:37:33.5400499] UScriptStruct::ICppStructOps::HasStructuredSerializer = 0x38
[2025-05-13 15:37:33.5400866] UScriptStruct::ICppStructOps::Serialize = 0x40
[2025-05-13 15:37:33.5401418] UScriptStruct::ICppStructOps::Serialize_1 = 0x48
[2025-05-13 15:37:33.5402008] UScriptStruct::ICppStructOps::HasPostSerialize = 0x50
[2025-05-13 15:37:33.5416269] UScriptStruct::ICppStructOps::PostSerialize = 0x58
[2025-05-13 15:37:33.5416825] UScriptStruct::ICppStructOps::HasNetSerializer = 0x60
[2025-05-13 15:37:33.5417268] UScriptStruct::ICppStructOps::HasNetSharedSerialization = 0x68
[2025-05-13 15:37:33.5427377] UScriptStruct::ICppStructOps::NetSerialize = 0x70
[2025-05-13 15:37:33.5428321] UScriptStruct::ICppStructOps::HasNetDeltaSerializer = 0x78
[2025-05-13 15:37:33.5429826] UScriptStruct::ICppStructOps::NetDeltaSerialize = 0x80
[2025-05-13 15:37:33.5430671] UScriptStruct::ICppStructOps::HasPostScriptConstruct = 0x88
[2025-05-13 15:37:33.5431099] UScriptStruct::ICppStructOps::PostScriptConstruct = 0x90
[2025-05-13 15:37:33.5431439] UScriptStruct::ICppStructOps::IsPlainOldData = 0x98
[2025-05-13 15:37:33.5432111] UScriptStruct::ICppStructOps::HasCopy = 0xA0
[2025-05-13 15:37:33.5433210] UScriptStruct::ICppStructOps::Copy = 0xA8
[2025-05-13 15:37:33.5434346] UScriptStruct::ICppStructOps::HasIdentical = 0xB0
[2025-05-13 15:37:33.5435078] UScriptStruct::ICppStructOps::Identical = 0xB8
[2025-05-13 15:37:33.5435585] UScriptStruct::ICppStructOps::HasExportTextItem = 0xC0
[2025-05-13 15:37:33.5436027] UScriptStruct::ICppStructOps::ExportTextItem = 0xC8
[2025-05-13 15:37:33.5436333] UScriptStruct::ICppStructOps::HasImportTextItem = 0xD0
[2025-05-13 15:37:33.5436872] UScriptStruct::ICppStructOps::ImportTextItem = 0xD8
[2025-05-13 15:37:33.5437360] UScriptStruct::ICppStructOps::HasAddStructReferencedObjects = 0xE0
[2025-05-13 15:37:33.5437909] UScriptStruct::ICppStructOps::AddStructReferencedObjects = 0xE8
[2025-05-13 15:37:33.5438449] UScriptStruct::ICppStructOps::HasSerializeFromMismatchedTag = 0xF0
[2025-05-13 15:37:33.5438979] UScriptStruct::ICppStructOps::HasStructuredSerializeFromMismatchedTag = 0xF8
[2025-05-13 15:37:33.5439501] UScriptStruct::ICppStructOps::SerializeFromMismatchedTag = 0x100
[2025-05-13 15:37:33.5440237] UScriptStruct::ICppStructOps::StructuredSerializeFromMismatchedTag = 0x108
[2025-05-13 15:37:33.5440684] UScriptStruct::ICppStructOps::HasGetTypeHash = 0x110
[2025-05-13 15:37:33.5440953] UScriptStruct::ICppStructOps::GetStructTypeHash = 0x118
[2025-05-13 15:37:33.5441471] UScriptStruct::ICppStructOps::GetComputedPropertyFlags = 0x120
[2025-05-13 15:37:33.5441799] UScriptStruct::ICppStructOps::IsAbstract = 0x128
[2025-05-13 15:37:33.5442585] FField
[2025-05-13 15:37:33.5443060] FField::__vecDelDtor = 0x0
[2025-05-13 15:37:33.5443815] FField::Serialize = 0x8
[2025-05-13 15:37:33.5444157] FField::PostLoad = 0x10
[2025-05-13 15:37:33.5444489] FField::GetPreloadDependencies = 0x18
[2025-05-13 15:37:33.5444747] FField::BeginDestroy = 0x20
[2025-05-13 15:37:33.5445176] FField::AddReferencedObjects = 0x28
[2025-05-13 15:37:33.5445617] FField::AddCppProperty = 0x30
[2025-05-13 15:37:33.5445937] FField::Bind = 0x38
[2025-05-13 15:37:33.5446255] FField::PostDuplicate = 0x40
[2025-05-13 15:37:33.5446536] FField::GetInnerFieldByName = 0x48
[2025-05-13 15:37:33.5446764] FField::GetInnerFields = 0x50
[2025-05-13 15:37:33.5447003] FProperty
[2025-05-13 15:37:33.5447253] FProperty::__vecDelDtor = 0x0
[2025-05-13 15:37:33.5447578] FProperty::GetCPPMacroType = 0x58
[2025-05-13 15:37:33.5448730] FProperty::PassCPPArgsByRef = 0x60
[2025-05-13 15:37:33.5449282] FProperty::GetCPPType = 0x68
[2025-05-13 15:37:33.5449731] FProperty::GetCPPTypeForwardDeclaration = 0x70
[2025-05-13 15:37:33.5450065] FProperty::LinkInternal = 0x78
[2025-05-13 15:37:33.5450371] FProperty::ConvertFromType = 0x80
[2025-05-13 15:37:33.5450653] FProperty::Identical = 0x88
[2025-05-13 15:37:33.5450937] FProperty::SerializeItem = 0x90
[2025-05-13 15:37:33.5451217] FProperty::NetSerializeItem = 0x98
[2025-05-13 15:37:33.5451514] FProperty::SupportsNetSharedSerialization = 0xA0
[2025-05-13 15:37:33.5452293] FProperty::ExportTextItem = 0xA8
[2025-05-13 15:37:33.5452773] FProperty::ImportText_Internal = 0xB0
[2025-05-13 15:37:33.5453293] FProperty::CopyValuesInternal = 0xB8
[2025-05-13 15:37:33.5454137] FProperty::GetValueTypeHashInternal = 0xC0
[2025-05-13 15:37:33.5454701] FProperty::CopySingleValueToScriptVM = 0xC8
[2025-05-13 15:37:33.5455241] FProperty::CopyCompleteValueToScriptVM = 0xD0
[2025-05-13 15:37:33.5455778] FProperty::CopySingleValueFromScriptVM = 0xD8
[2025-05-13 15:37:33.5456504] FProperty::CopyCompleteValueFromScriptVM = 0xE0
[2025-05-13 15:37:33.5457046] FProperty::ClearValueInternal = 0xE8
[2025-05-13 15:37:33.5457929] FProperty::DestroyValueInternal = 0xF0
[2025-05-13 15:37:33.5464229] FProperty::InitializeValueInternal = 0xF8
[2025-05-13 15:37:33.5466727] FProperty::GetID = 0x100
[2025-05-13 15:37:33.5467218] FProperty::InstanceSubobjects = 0x108
[2025-05-13 15:37:33.5468189] FProperty::GetMinAlignment = 0x110
[2025-05-13 15:37:33.5468711] FProperty::ContainsObjectReference = 0x118
[2025-05-13 15:37:33.5469070] FProperty::EmitReferenceInfo = 0x120
[2025-05-13 15:37:33.5469402] FProperty::SameType = 0x128
[2025-05-13 15:37:33.5469696] FNumericProperty
[2025-05-13 15:37:33.5471835] FNumericProperty::__vecDelDtor = 0x0
[2025-05-13 15:37:33.5472791] FNumericProperty::IsFloatingPoint = 0x130
[2025-05-13 15:37:33.5473274] FNumericProperty::IsInteger = 0x138
[2025-05-13 15:37:33.5473610] FNumericProperty::GetIntPropertyEnum = 0x140
[2025-05-13 15:37:33.5474035] FNumericProperty::SetIntPropertyValue = 0x148
[2025-05-13 15:37:33.5474461] FNumericProperty::SetIntPropertyValue_1 = 0x150
[2025-05-13 15:37:33.5475297] FNumericProperty::SetFloatingPointPropertyValue = 0x158
[2025-05-13 15:37:33.5475832] FNumericProperty::SetNumericPropertyValueFromString = 0x160
[2025-05-13 15:37:33.5476192] FNumericProperty::GetSignedIntPropertyValue = 0x168
[2025-05-13 15:37:33.5476496] FNumericProperty::GetUnsignedIntPropertyValue = 0x170
[2025-05-13 15:37:33.5476790] FNumericProperty::GetFloatingPointPropertyValue = 0x178
[2025-05-13 15:37:33.5477551] FNumericProperty::GetNumericPropertyValueToString = 0x180
[2025-05-13 15:37:33.5478227] FNumericProperty::CanHoldDoubleValueInternal = 0x188
[2025-05-13 15:37:33.5478614] FNumericProperty::CanHoldSignedValueInternal = 0x190
[2025-05-13 15:37:33.5478862] FNumericProperty::CanHoldUnsignedValueInternal = 0x198
[2025-05-13 15:37:33.5479099] FMulticastDelegateProperty
[2025-05-13 15:37:33.5479349] FMulticastDelegateProperty::__vecDelDtor = 0x0
[2025-05-13 15:37:33.5479945] FMulticastDelegateProperty::GetMulticastDelegate = 0x130
[2025-05-13 15:37:33.5480460] FMulticastDelegateProperty::SetMulticastDelegate = 0x138
[2025-05-13 15:37:33.5480933] FMulticastDelegateProperty::AddDelegate = 0x140
[2025-05-13 15:37:33.5481628] FMulticastDelegateProperty::RemoveDelegate = 0x148
[2025-05-13 15:37:33.5482204] FMulticastDelegateProperty::ClearDelegate = 0x150
[2025-05-13 15:37:33.5483559] FMulticastDelegateProperty::GetInvocationList = 0x158
[2025-05-13 15:37:33.5484298] FObjectPropertyBase
[2025-05-13 15:37:33.5485662] FObjectPropertyBase::__vecDelDtor = 0x0
[2025-05-13 15:37:33.5486495] FObjectPropertyBase::GetCPPTypeCustom = 0x130
[2025-05-13 15:37:33.5487467] FObjectPropertyBase::LoadObjectPropertyValue = 0x138
[2025-05-13 15:37:33.5488260] FObjectPropertyBase::GetObjectPropertyValue = 0x140
[2025-05-13 15:37:33.5488859] FObjectPropertyBase::SetObjectPropertyValue = 0x148
[2025-05-13 15:37:33.5489417] FObjectPropertyBase::AllowCrossLevel = 0x150
[2025-05-13 15:37:33.5489969] FObjectPropertyBase::CheckValidObject = 0x158
[2025-05-13 15:37:33.5490600] UStruct
[2025-05-13 15:37:33.5491831] UStruct::__vecDelDtor = 0x0
[2025-05-13 15:37:33.5492588] UStruct::GetInheritanceSuper = 0x278
[2025-05-13 15:37:33.5492975] UStruct::Link = 0x280
[2025-05-13 15:37:33.5494419] UStruct::SerializeBin = 0x288
[2025-05-13 15:37:33.5529901] UStruct::SerializeBin_1 = 0x290
[2025-05-13 15:37:33.5530786] UStruct::SerializeTaggedProperties = 0x298
[2025-05-13 15:37:33.5531394] UStruct::SerializeTaggedProperties_1 = 0x2A0
[2025-05-13 15:37:33.5531975] UStruct::InitializeStruct = 0x2A8
[2025-05-13 15:37:33.5532439] UStruct::DestroyStruct = 0x2B0
[2025-05-13 15:37:33.5533177] UStruct::CustomFindProperty = 0x2B8
[2025-05-13 15:37:33.5533859] UStruct::SerializeExpr = 0x2C0
[2025-05-13 15:37:33.5534342] UStruct::GetPrefixCPP = 0x2C8
[2025-05-13 15:37:33.5534789] UStruct::SetSuperStruct = 0x2D0
[2025-05-13 15:37:33.5535442] UStruct::PropertyNameToDisplayName = 0x2D8
[2025-05-13 15:37:33.5536409] UStruct::GetAuthoredNameForField = 0x2E0
[2025-05-13 15:37:33.5537168] UStruct::GetAuthoredNameForField_1 = 0x2E8
[2025-05-13 15:37:33.5537811] UStruct::IsStructTrashed = 0x2F0
[2025-05-13 15:37:33.5538516] UStruct::FindPropertyNameFromGuid = 0x2F8
[2025-05-13 15:37:33.5539081] UStruct::FindPropertyGuidFromName = 0x300
[2025-05-13 15:37:33.5539692] UStruct::ArePropertyGuidsAvailable = 0x308
[2025-05-13 15:37:33.5540361] FOutputDevice
[2025-05-13 15:37:33.5541093] FOutputDevice::__vecDelDtor = 0x0
[2025-05-13 15:37:33.5546752] FOutputDevice::Serialize = 0x8
[2025-05-13 15:37:33.5551106] FOutputDevice::Serialize_1 = 0x10
[2025-05-13 15:37:33.5553670] FOutputDevice::Flush = 0x18
[2025-05-13 15:37:33.5556181] FOutputDevice::TearDown = 0x20
[2025-05-13 15:37:33.5560505] FOutputDevice::Dump = 0x28
[2025-05-13 15:37:33.5561126] FOutputDevice::IsMemoryOnly = 0x30
[2025-05-13 15:37:33.5561963] FOutputDevice::CanBeUsedOnAnyThread = 0x38
[2025-05-13 15:37:33.5562536] FOutputDevice::CanBeUsedOnMultipleThreads = 0x40
[2025-05-13 15:37:33.5563092] FMalloc
[2025-05-13 15:37:33.5563747] FMalloc::__vecDelDtor = 0x0
[2025-05-13 15:37:33.5564443] FMalloc::Malloc = 0x10
[2025-05-13 15:37:33.5564984] FMalloc::TryMalloc = 0x18
[2025-05-13 15:37:33.5565410] FMalloc::Realloc = 0x20
[2025-05-13 15:37:33.5565875] FMalloc::TryRealloc = 0x28
[2025-05-13 15:37:33.5566649] FMalloc::Free = 0x30
[2025-05-13 15:37:33.5567176] FMalloc::QuantizeSize = 0x38
[2025-05-13 15:37:33.5567695] FMalloc::GetAllocationSize = 0x40
[2025-05-13 15:37:33.5568335] FMalloc::Trim = 0x48
[2025-05-13 15:37:33.5568681] FMalloc::SetupTLSCachesOnCurrentThread = 0x50
[2025-05-13 15:37:33.5569162] FMalloc::ClearAndDisableTLSCachesOnCurrentThread = 0x58
[2025-05-13 15:37:33.5569960] FMalloc::InitializeStatsMetadata = 0x60
[2025-05-13 15:37:33.5570800] FMalloc::UpdateStats = 0x68
[2025-05-13 15:37:33.5571505] FMalloc::GetAllocatorStats = 0x70
[2025-05-13 15:37:33.5572036] FMalloc::DumpAllocatorStats = 0x78
[2025-05-13 15:37:33.5572769] FMalloc::IsInternallyThreadSafe = 0x80
[2025-05-13 15:37:33.5573443] FMalloc::ValidateHeap = 0x88
[2025-05-13 15:37:33.5573916] FMalloc::GetDescriptiveName = 0x90
[2025-05-13 15:37:33.5574259] AActor
[2025-05-13 15:37:33.5575008] AActor::__vecDelDtor = 0x0
[2025-05-13 15:37:33.5575822] AActor::OnRep_ReplicateMovement = 0x268
[2025-05-13 15:37:33.5576206] AActor::TearOff = 0x270
[2025-05-13 15:37:33.5576676] AActor::HasNetOwner = 0x278
[2025-05-13 15:37:33.5577310] AActor::HasLocalNetOwner = 0x280
[2025-05-13 15:37:33.5578093] AActor::OnRep_Owner = 0x288
[2025-05-13 15:37:33.5578530] AActor::SetReplicateMovement = 0x290
[2025-05-13 15:37:33.5579058] AActor::OnRep_AttachmentReplication = 0x298
[2025-05-13 15:37:33.5579677] AActor::IsReplicationPausedForConnection = 0x2A0
[2025-05-13 15:37:33.5580388] AActor::OnReplicationPausedChanged = 0x2A8
[2025-05-13 15:37:33.5580932] AActor::ReplicateSubobjects = 0x2B0
[2025-05-13 15:37:33.5581477] AActor::OnSubobjectCreatedFromReplication = 0x2B8
[2025-05-13 15:37:33.5582093] AActor::OnSubobjectDestroyFromReplication = 0x2C0
[2025-05-13 15:37:33.5582996] AActor::PreReplication = 0x2C8
[2025-05-13 15:37:33.5598080] AActor::PreReplicationForReplay = 0x2D0
[2025-05-13 15:37:33.5599100] AActor::RewindForReplay = 0x2D8
[2025-05-13 15:37:33.5601494] AActor::OnRep_Instigator = 0x2E0
[2025-05-13 15:37:33.5606078] AActor::EnableInput = 0x2E8
[2025-05-13 15:37:33.5608489] AActor::DisableInput = 0x2F0
[2025-05-13 15:37:33.5610984] AActor::GetVelocity = 0x2F8
[2025-05-13 15:37:33.5614745] AActor::SetActorHiddenInGame = 0x300
[2025-05-13 15:37:33.5645437] AActor::K2_DestroyActor = 0x308
[2025-05-13 15:37:33.5652253] AActor::AddTickPrerequisiteActor = 0x310
[2025-05-13 15:37:33.5661540] AActor::AddTickPrerequisiteComponent = 0x318
[2025-05-13 15:37:33.5665952] AActor::RemoveTickPrerequisiteActor = 0x320
[2025-05-13 15:37:33.5681760] AActor::RemoveTickPrerequisiteComponent = 0x328
[2025-05-13 15:37:33.5698627] AActor::BeginPlay = 0x330
[2025-05-13 15:37:33.5704702] AActor::EndPlay = 0x338
[2025-05-13 15:37:33.5719311] AActor::NotifyActorBeginOverlap = 0x340
[2025-05-13 15:37:33.5724073] AActor::NotifyActorEndOverlap = 0x348
[2025-05-13 15:37:33.5725793] AActor::NotifyActorBeginCursorOver = 0x350
[2025-05-13 15:37:33.5726277] AActor::NotifyActorEndCursorOver = 0x358
[2025-05-13 15:37:33.5726825] AActor::NotifyActorOnClicked = 0x360
[2025-05-13 15:37:33.5728289] AActor::NotifyActorOnReleased = 0x368
[2025-05-13 15:37:33.5731979] AActor::NotifyActorOnInputTouchBegin = 0x370
[2025-05-13 15:37:33.5732950] AActor::NotifyActorOnInputTouchEnd = 0x378
[2025-05-13 15:37:33.5733642] AActor::NotifyActorOnInputTouchEnter = 0x380
[2025-05-13 15:37:33.5733996] AActor::NotifyActorOnInputTouchLeave = 0x388
[2025-05-13 15:37:33.5734528] AActor::NotifyHit = 0x390
[2025-05-13 15:37:33.5734832] AActor::SetLifeSpan = 0x398
[2025-05-13 15:37:33.5735301] AActor::GetLifeSpan = 0x3A0
[2025-05-13 15:37:33.5736107] AActor::GatherCurrentMovement = 0x3A8
[2025-05-13 15:37:33.5736543] AActor::GetDefaultAttachComponent = 0x3B0
[2025-05-13 15:37:33.5737173] AActor::ApplyWorldOffset = 0x3B8
[2025-05-13 15:37:33.5737564] AActor::IsLevelBoundsRelevant = 0x3C0
[2025-05-13 15:37:33.5738143] AActor::GetNetPriority = 0x3C8
[2025-05-13 15:37:33.5738715] AActor::GetReplayPriority = 0x3D0
[2025-05-13 15:37:33.5739257] AActor::GetNetDormancy = 0x3D8
[2025-05-13 15:37:33.5740282] AActor::OnActorChannelOpen = 0x3E0
[2025-05-13 15:37:33.5740850] AActor::UseShortConnectTimeout = 0x3E8
[2025-05-13 15:37:33.5741400] AActor::OnSerializeNewActor = 0x3F0
[2025-05-13 15:37:33.5742036] AActor::OnNetCleanup = 0x3F8
[2025-05-13 15:37:33.5743022] AActor::TickActor = 0x400
[2025-05-13 15:37:33.5744338] AActor::PostActorCreated = 0x408
[2025-05-13 15:37:33.5745096] AActor::LifeSpanExpired = 0x410
[2025-05-13 15:37:33.5747213] AActor::PostNetReceiveRole = 0x418
[2025-05-13 15:37:33.5757985] AActor::PostNetInit = 0x420
[2025-05-13 15:37:33.5763034] AActor::OnRep_ReplicatedMovement = 0x428
[2025-05-13 15:37:33.5765065] AActor::PostNetReceiveLocationAndRotation = 0x430
[2025-05-13 15:37:33.5765617] AActor::PostNetReceiveVelocity = 0x438
[2025-05-13 15:37:33.5766606] AActor::PostNetReceivePhysicState = 0x440
[2025-05-13 15:37:33.5767278] AActor::SetOwner = 0x448
[2025-05-13 15:37:33.5767726] AActor::CheckStillInWorld = 0x450
[2025-05-13 15:37:33.5768213] AActor::Tick = 0x458
[2025-05-13 15:37:33.5768994] AActor::ShouldTickIfViewportsOnly = 0x460
[2025-05-13 15:37:33.5769580] AActor::IsNetRelevantFor = 0x468
[2025-05-13 15:37:33.5770141] AActor::IsReplayRelevantFor = 0x470
[2025-05-13 15:37:33.5770678] AActor::IsRelevancyOwnerFor = 0x478
[2025-05-13 15:37:33.5771212] AActor::PreInitializeComponents = 0x480
[2025-05-13 15:37:33.5774809] AActor::PostInitializeComponents = 0x488
[2025-05-13 15:37:33.5776874] AActor::DispatchPhysicsCollisionHit = 0x490
[2025-05-13 15:37:33.5777553] AActor::GetNetOwner = 0x498
[2025-05-13 15:37:33.5778343] AActor::GetNetOwningPlayer = 0x4A0
[2025-05-13 15:37:33.5778896] AActor::GetNetConnection = 0x4A8
[2025-05-13 15:37:33.5779500] AActor::DestroyNetworkActorHandled = 0x4B0
[2025-05-13 15:37:33.5780635] AActor::RegisterAllComponents = 0x4B8
[2025-05-13 15:37:33.5781359] AActor::PreRegisterAllComponents = 0x4C0
[2025-05-13 15:37:33.5782558] AActor::PostRegisterAllComponents = 0x4C8
[2025-05-13 15:37:33.5783154] AActor::UnregisterAllComponents = 0x4D0
[2025-05-13 15:37:33.5784109] AActor::PostUnregisterAllComponents = 0x4D8
[2025-05-13 15:37:33.5784855] AActor::ReregisterAllComponents = 0x4E0
[2025-05-13 15:37:33.5785645] AActor::MarkComponentsAsPendingKill = 0x4E8
[2025-05-13 15:37:33.5787240] AActor::InvalidateLightingCacheDetailed = 0x4F0
[2025-05-13 15:37:33.5787844] AActor::TeleportTo = 0x4F8
[2025-05-13 15:37:33.5788388] AActor::TeleportSucceeded = 0x500
[2025-05-13 15:37:33.5788916] AActor::ClearCrossLevelReferences = 0x508
[2025-05-13 15:37:33.5789667] AActor::IsBasedOnActor = 0x510
[2025-05-13 15:37:33.5790497] AActor::IsAttachedTo = 0x518
[2025-05-13 15:37:33.5791727] AActor::RerunConstructionScripts = 0x520
[2025-05-13 15:37:33.5792434] AActor::OnConstruction = 0x528
[2025-05-13 15:37:33.5805654] AActor::RegisterActorTickFunctions = 0x530
[2025-05-13 15:37:33.5806472] AActor::Destroyed = 0x538
[2025-05-13 15:37:33.5810302] AActor::FellOutOfWorld = 0x540
[2025-05-13 15:37:33.5815610] AActor::OutsideWorldBounds = 0x548
[2025-05-13 15:37:33.5816159] AActor::GetComponentsBoundingBox = 0x550
[2025-05-13 15:37:33.5817094] AActor::CalculateComponentsBoundingBoxInLocalSpace = 0x558
[2025-05-13 15:37:33.5817683] AActor::GetComponentsBoundingCylinder = 0x560
[2025-05-13 15:37:33.5818221] AActor::GetSimpleCollisionCylinder = 0x568
[2025-05-13 15:37:33.5818781] AActor::IsRootComponentCollisionRegistered = 0x570
[2025-05-13 15:37:33.5819420] AActor::TornOff = 0x578
[2025-05-13 15:37:33.5820351] AActor::GetComponentsCollisionResponseToChannel = 0x580
[2025-05-13 15:37:33.5820786] AActor::CanBeBaseForCharacter = 0x588
[2025-05-13 15:37:33.5821246] AActor::TakeDamage = 0x590
[2025-05-13 15:37:33.5821763] AActor::InternalTakeRadialDamage = 0x598
[2025-05-13 15:37:33.5822641] AActor::InternalTakePointDamage = 0x5A0
[2025-05-13 15:37:33.5823376] AActor::BecomeViewTarget = 0x5A8
[2025-05-13 15:37:33.5823908] AActor::EndViewTarget = 0x5B0
[2025-05-13 15:37:33.5824430] AActor::CalcCamera = 0x5B8
[2025-05-13 15:37:33.5825062] AActor::HasActiveCameraComponent = 0x5C0
[2025-05-13 15:37:33.5825719] AActor::HasActivePawnControlCameraComponent = 0x5C8
[2025-05-13 15:37:33.5826282] AActor::GetHumanReadableName = 0x5D0
[2025-05-13 15:37:33.5826809] AActor::Reset = 0x5D8
[2025-05-13 15:37:33.5827372] AActor::GetLastRenderTime = 0x5E0
[2025-05-13 15:37:33.5828247] AActor::ForceNetRelevant = 0x5E8
[2025-05-13 15:37:33.5828826] AActor::ForceNetUpdate = 0x5F0
[2025-05-13 15:37:33.5829360] AActor::PrestreamTextures = 0x5F8
[2025-05-13 15:37:33.5829916] AActor::GetActorEyesViewPoint = 0x600
[2025-05-13 15:37:33.5830737] AActor::GetTargetLocation = 0x608
[2025-05-13 15:37:33.5831278] AActor::PostRenderFor = 0x610
[2025-05-13 15:37:33.5831808] AActor::FindComponentByClass = 0x618
[2025-05-13 15:37:33.5832168] AActor::IsComponentRelevantForNavigation = 0x620
[2025-05-13 15:37:33.5832620] AActor::DisplayDebug = 0x628
[2025-05-13 15:37:33.5833386] AGameModeBase
[2025-05-13 15:37:33.5840674] AGameModeBase::__vecDelDtor = 0x0
[2025-05-13 15:37:33.5846329] AGameModeBase::InitializeHUDForPlayer_Implementation = 0x630
[2025-05-13 15:37:33.5850436] AGameModeBase::InitStartSpot_Implementation = 0x638
[2025-05-13 15:37:33.5856150] AGameModeBase::SpawnDefaultPawnAtTransform_Implementation = 0x640
[2025-05-13 15:37:33.5860617] AGameModeBase::SpawnDefaultPawnFor_Implementation = 0x648
[2025-05-13 15:37:33.5864687] AGameModeBase::PlayerCanRestart_Implementation = 0x650
[2025-05-13 15:37:33.5871329] AGameModeBase::FindPlayerStart_Implementation = 0x658
[2025-05-13 15:37:33.5872714] AGameModeBase::ChoosePlayerStart_Implementation = 0x660
[2025-05-13 15:37:33.5873285] AGameModeBase::CanSpectate_Implementation = 0x668
[2025-05-13 15:37:33.5873758] AGameModeBase::MustSpectate_Implementation = 0x670
[2025-05-13 15:37:33.5874461] AGameModeBase::HandleStartingNewPlayer_Implementation = 0x678
[2025-05-13 15:37:33.5875023] AGameModeBase::ShouldReset_Implementation = 0x680
[2025-05-13 15:37:33.5875472] AGameModeBase::GetDefaultPawnClassForController_Implementation = 0x688
[2025-05-13 15:37:33.5880300] AGameModeBase::InitGame = 0x690
[2025-05-13 15:37:33.5884272] AGameModeBase::InitGameState = 0x698
[2025-05-13 15:37:33.5887940] AGameModeBase::GetGameSessionClass = 0x6A0
[2025-05-13 15:37:33.5888646] AGameModeBase::GetNumPlayers = 0x6A8
[2025-05-13 15:37:33.5892594] AGameModeBase::GetNumSpectators = 0x6B0
[2025-05-13 15:37:33.5900382] AGameModeBase::StartPlay = 0x6B8
[2025-05-13 15:37:33.5900961] AGameModeBase::HasMatchStarted = 0x6C0
[2025-05-13 15:37:33.5901507] AGameModeBase::HasMatchEnded = 0x6C8
[2025-05-13 15:37:33.5901932] AGameModeBase::SetPause = 0x6D0
[2025-05-13 15:37:33.5902386] AGameModeBase::ClearPause = 0x6D8
[2025-05-13 15:37:33.5902915] AGameModeBase::AllowPausing = 0x6E0
[2025-05-13 15:37:33.5903456] AGameModeBase::IsPaused = 0x6E8
[2025-05-13 15:37:33.5903987] AGameModeBase::ResetLevel = 0x6F0
[2025-05-13 15:37:33.5904517] AGameModeBase::ReturnToMainMenuHost = 0x6F8
[2025-05-13 15:37:33.5905096] AGameModeBase::CanServerTravel = 0x700
[2025-05-13 15:37:33.5905632] AGameModeBase::ProcessServerTravel = 0x708
[2025-05-13 15:37:33.5906974] AGameModeBase::GetSeamlessTravelActorList = 0x710
[2025-05-13 15:37:33.5907387] AGameModeBase::SwapPlayerControllers = 0x718
[2025-05-13 15:37:33.5907854] AGameModeBase::GetPlayerControllerClassToSpawnForSeamlessTravel = 0x720
[2025-05-13 15:37:33.5908396] AGameModeBase::HandleSeamlessTravelPlayer = 0x728
[2025-05-13 15:37:33.5908937] AGameModeBase::PostSeamlessTravel = 0x730
[2025-05-13 15:37:33.5909477] AGameModeBase::StartToLeaveMap = 0x738
[2025-05-13 15:37:33.5910205] AGameModeBase::GameWelcomePlayer = 0x740
[2025-05-13 15:37:33.5910828] AGameModeBase::PreLogin = 0x748
[2025-05-13 15:37:33.5911353] AGameModeBase::Login = 0x750
[2025-05-13 15:37:33.5911895] AGameModeBase::PostLogin = 0x758
[2025-05-13 15:37:33.5912422] AGameModeBase::Logout = 0x760
[2025-05-13 15:37:33.5912958] AGameModeBase::SpawnPlayerController = 0x768
[2025-05-13 15:37:33.5913481] AGameModeBase::SpawnPlayerController_1 = 0x770
[2025-05-13 15:37:33.5913896] AGameModeBase::SpawnReplayPlayerController = 0x778
[2025-05-13 15:37:33.5914433] AGameModeBase::ChangeName = 0x780
[2025-05-13 15:37:33.5914960] AGameModeBase::RestartPlayer = 0x788
[2025-05-13 15:37:33.5915427] AGameModeBase::RestartPlayerAtPlayerStart = 0x790
[2025-05-13 15:37:33.5915886] AGameModeBase::RestartPlayerAtTransform = 0x798
[2025-05-13 15:37:33.5916426] AGameModeBase::SetPlayerDefaults = 0x7A0
[2025-05-13 15:37:33.5916971] AGameModeBase::AllowCheats = 0x7A8
[2025-05-13 15:37:33.5921780] AGameModeBase::IsHandlingReplays = 0x7B0
[2025-05-13 15:37:33.5927555] AGameModeBase::SpawnPlayerFromSimulate = 0x7B8
[2025-05-13 15:37:33.5931552] AGameModeBase::ShouldStartInCinematicMode = 0x7C0
[2025-05-13 15:37:33.5933530] AGameModeBase::UpdateGameplayMuteList = 0x7C8
[2025-05-13 15:37:33.5934010] AGameModeBase::InitNewPlayer = 0x7D0
[2025-05-13 15:37:33.5934675] AGameModeBase::GenericPlayerInitialization = 0x7D8
[2025-05-13 15:37:33.5935359] AGameModeBase::ReplicateStreamingStatus = 0x7E0
[2025-05-13 15:37:33.5935980] AGameModeBase::ShouldSpawnAtStartSpot = 0x7E8
[2025-05-13 15:37:33.5936534] AGameModeBase::FinishRestartPlayer = 0x7F0
[2025-05-13 15:37:33.5937255] AGameModeBase::ProcessClientTravel = 0x7F8
[2025-05-13 15:37:33.5937854] AGameModeBase::InitSeamlessTravelPlayer = 0x800
[2025-05-13 15:37:33.5938395] AGameModeBase::SpawnPlayerControllerCommon = 0x808
[2025-05-13 15:37:33.5938957] AGameMode
[2025-05-13 15:37:33.5939979] AGameMode::__vecDelDtor = 0x0
[2025-05-13 15:37:33.5940609] AGameMode::ReadyToEndMatch_Implementation = 0x800
[2025-05-13 15:37:33.5941168] AGameMode::ReadyToStartMatch_Implementation = 0x808
[2025-05-13 15:37:33.5941595] AGameMode::IsMatchInProgress = 0x810
[2025-05-13 15:37:33.5942151] AGameMode::StartMatch = 0x818
[2025-05-13 15:37:33.5942852] AGameMode::EndMatch = 0x820
[2025-05-13 15:37:33.5943648] AGameMode::RestartGame = 0x828
[2025-05-13 15:37:33.5944202] AGameMode::AbortMatch = 0x830
[2025-05-13 15:37:33.5945101] AGameMode::SetMatchState = 0x838
[2025-05-13 15:37:33.5945939] AGameMode::OnMatchStateSet = 0x840
[2025-05-13 15:37:33.5946616] AGameMode::HandleMatchIsWaitingToStart = 0x848
[2025-05-13 15:37:33.5947358] AGameMode::HandleMatchHasStarted = 0x850
[2025-05-13 15:37:33.5947903] AGameMode::HandleMatchHasEnded = 0x858
[2025-05-13 15:37:33.5948431] AGameMode::HandleLeavingMap = 0x860
[2025-05-13 15:37:33.5949293] AGameMode::HandleMatchAborted = 0x868
[2025-05-13 15:37:33.5949985] AGameMode::GetNetworkNumber = 0x870
[2025-05-13 15:37:33.5950680] AGameMode::GetDefaultGameClassPath = 0x878
[2025-05-13 15:37:33.5951033] AGameMode::GetGameModeClass = 0x880
[2025-05-13 15:37:33.5951526] AGameMode::GetTravelType = 0x888
[2025-05-13 15:37:33.5952198] AGameMode::SendPlayer = 0x890
[2025-05-13 15:37:33.5952728] AGameMode::StartNewPlayer = 0x898
[2025-05-13 15:37:33.5953247] AGameMode::Say = 0x8A0
[2025-05-13 15:37:33.5953819] AGameMode::SetBandwidthLimit = 0x8A8
[2025-05-13 15:37:33.5954502] AGameMode::Broadcast = 0x8B0
[2025-05-13 15:37:33.5955032] AGameMode::BroadcastLocalized = 0x8B8
[2025-05-13 15:37:33.5955552] AGameMode::AddInactivePlayer = 0x8C0
[2025-05-13 15:37:33.5956267] AGameMode::FindInactivePlayer = 0x8C8
[2025-05-13 15:37:33.5956845] AGameMode::OverridePlayerState = 0x8D0
[2025-05-13 15:37:33.5957323] AGameMode::SetSeamlessTravelViewTarget = 0x8D8
[2025-05-13 15:37:33.5957859] AGameMode::MatineeCancelled = 0x8E0
[2025-05-13 15:37:33.5961882] AGameMode::PreCommitMapChange = 0x8E8
[2025-05-13 15:37:33.5966213] AGameMode::PostCommitMapChange = 0x8F0
[2025-05-13 15:37:33.5975101] AGameMode::NotifyPendingConnectionLost = 0x8F8
[2025-05-13 15:37:33.5984234] AGameMode::HandleDisconnect = 0x900
[2025-05-13 15:37:33.5990349] UPlayer
[2025-05-13 15:37:33.5992042] UPlayer::__vecDelDtor = 0x0
[2025-05-13 15:37:33.5995886] UPlayer::SwitchController = 0x268
[2025-05-13 15:37:33.5997184] ULocalPlayer
[2025-05-13 15:37:33.6000146] ULocalPlayer::__vecDelDtor = 0x0
[2025-05-13 15:37:33.6014000] ULocalPlayer::GetViewPoint = 0x270
[2025-05-13 15:37:33.6023579] ULocalPlayer::CalcSceneView = 0x278
[2025-05-13 15:37:33.6026113] ULocalPlayer::PlayerAdded = 0x280
[2025-05-13 15:37:33.6035715] ULocalPlayer::InitOnlineSession = 0x288
[2025-05-13 15:37:33.6036337] ULocalPlayer::PlayerRemoved = 0x290
[2025-05-13 15:37:33.6037371] ULocalPlayer::SpawnPlayActor = 0x298
[2025-05-13 15:37:33.6038336] ULocalPlayer::SendSplitJoin = 0x2A0
[2025-05-13 15:37:33.6038885] ULocalPlayer::SetControllerId = 0x2A8
[2025-05-13 15:37:33.6039423] ULocalPlayer::GetNickname = 0x2B0
[2025-05-13 15:37:33.6040004] ULocalPlayer::GetGameLoginOptions = 0x2B8
[2025-05-13 15:37:33.6040907] ULocalPlayer::GetProjectionData = 0x2C0
[2025-05-13 15:37:33.6049709] DebugGame Setting Enabled? false
[2025-05-13 15:37:33.6077601] PS Scan attempt 1
[2025-05-13 15:37:33.6080831] [PS] Reading image
[2025-05-13 15:37:33.6089511] [PS] Starting scan
[2025-05-13 15:37:34.1838707] [PS] Scan finished in 574.0957ms
[2025-05-13 15:37:34.1850594] [PS] Found GUObjectArray: 0x7ff76e6dac58
[2025-05-13 15:37:34.1853866] [PS] Found GMalloc: 0x7ff76e6a29b0
[2025-05-13 15:37:34.1854894] [PS] Found FName::ToString: 0x7ff76b154f30
[2025-05-13 15:37:34.1859191] [PS] Found FName::FName(wchar_t*): 0x7ff76b1475e0
[2025-05-13 15:37:34.1860499] [PS] Found StaticConstructObject_Internal: 0x7ff76b343b60
[2025-05-13 15:37:34.1861353] [PS] Found FText::FText(FString&&): 0x7ff76b0775a0
[2025-05-13 15:37:34.1863735] [PS] Found FUObjectHashTables::Get(): 0x7ff76b338e20
[2025-05-13 15:37:34.1864823] [PS] Found GNatives: 0x7ff76e6da040
[2025-05-13 15:37:34.1865571] PS scan successful
[2025-05-13 15:37:34.1875745] Already constructed: /Script/CoreUObject.Class
[2025-05-13 15:37:34.1876366] Already constructed: /Script/CoreUObject
[2025-05-13 15:37:34.1879635] Already constructed: /Script/CoreUObject.Struct
[2025-05-13 15:37:34.1880197] Already constructed: /Script/Engine.Pawn
[2025-05-13 15:37:34.1880669] Already constructed: /Script/Engine.Character
[2025-05-13 15:37:34.1889830] Already constructed: /Script/Engine.Actor
[2025-05-13 15:37:34.1907861] Need to construct: /Script/CoreUObject.Vector
[2025-05-13 15:37:34.1922098] Need to construct: /Script/Engine.Default__DefaultPawn
[2025-05-13 15:37:34.1939917] Need to construct: /Script/Engine.HitResult
[2025-05-13 15:37:34.1950955] Need to construct: /Script/Engine.Default__MaterialExpression
[2025-05-13 15:37:34.1952293] Already constructed: /Script/Engine.ActorComponent
[2025-05-13 15:37:34.1963036] Need to construct: /Script/CoreUObject.OrientedBox
[2025-05-13 15:37:34.1965789] Already constructed: /Script/Engine.MovementComponent
[2025-05-13 15:37:34.1974195] Already constructed: /Script/Engine.HUD
[2025-05-13 15:37:34.1979482] Already constructed: /Script/Engine.PlayerController
[2025-05-13 15:37:34.1988126] Already constructed: /Script/Engine.PlayerCameraManager
[2025-05-13 15:37:34.1999180] Need to construct: /Script/CoreUObject.EInterpCurveMode
[2025-05-13 15:37:34.2009712] Need to construct: /Script/Engine.ENetRole
[2025-05-13 15:37:34.2021550] Need to construct: /Script/MovieScene.MovieSceneEditorData
[2025-05-13 15:37:34.2024577] Already constructed: /Script/UMG.Widget
[2025-05-13 15:37:34.2064211] Already constructed: /Script/UMG.ComboBoxString
[2025-05-13 15:37:34.2071078] Already constructed: /Script/CoreUObject.Interface
[2025-05-13 15:37:34.2074936] Already constructed: /Script/CoreUObject.DynamicClass
[2025-05-13 15:37:34.4779713] Constructed [1 / 8]: /Script/CoreUObject.Vector
[2025-05-13 15:37:34.5031659] Constructed [2 / 8]: /Script/Engine.Default__DefaultPawn
[2025-05-13 15:37:34.5077805] Constructed [3 / 8]: /Script/Engine.HitResult
[2025-05-13 15:37:34.5211069] Constructed [4 / 8]: /Script/Engine.Default__MaterialExpression
[2025-05-13 15:37:34.5228531] Constructed [5 / 8]: /Script/CoreUObject.OrientedBox
[2025-05-13 15:37:34.5265652] Constructed [6 / 8]: /Script/CoreUObject.EInterpCurveMode
[2025-05-13 15:37:34.5295949] Constructed [7 / 8]: /Script/Engine.ENetRole
[2025-05-13 15:37:34.5331110] Constructed [8 / 8]: /Script/MovieScene.MovieSceneEditorData
[2025-05-13 15:37:35.0580371] ProcessEvent address 0x7ff76b321f10
[2025-05-13 15:37:35.0878950] Constructed 8 of 8 objects
[2025-05-13 15:37:35.1203905] ProcessInternal address: 0x7ff76b3222c0
[2025-05-13 15:37:35.1251741] ProcessLocalScriptFunction address: 0x7ff76b3223d0
[2025-05-13 15:37:35.1285942] UnrealConfig.FExecVTableOffsetInLocalPlayer: 28
[2025-05-13 15:37:35.1309850] Adding GUObjectArray listeners
[2025-05-13 15:37:35.1313890] Unreal Engine modules (non-modular):
[2025-05-13 15:37:35.1319585] MainExe @ 0x7ff76a320000 size=0x4926000
[2025-05-13 15:37:35.1331369] 
##### MEMBER OFFSETS START #####

[2025-05-13 15:37:35.1334713] UObjectBase::bUseSoftwareCursorWidgets = 0x230
[2025-05-13 15:37:35.1335247] UObjectBase::ClassPrivate = 0x10
[2025-05-13 15:37:35.1335983] UObjectBase::ViewportFrame = 0xE8
[2025-05-13 15:37:35.1336475] UObjectBase::MouseLockMode = 0x35C
[2025-05-13 15:37:35.1337074] UObjectBase::bFindCameraComponentWhenViewTarget = 0x5A
[2025-05-13 15:37:35.1337740] UObjectBase::InternalIndex = 0xC
[2025-05-13 15:37:35.1338173] UObjectBase::ObjectFlags = 0x8
[2025-05-13 15:37:35.1339268] UObjectBase::World = 0x78
[2025-05-13 15:37:35.1339747] UObjectBase::ActiveSplitscreenType = 0x70
[2025-05-13 15:37:35.1340029] UObjectBase::OnEndCursorOver = 0x186
[2025-05-13 15:37:35.1340274] UObjectBase::CustomTimeDilation = 0x98
[2025-05-13 15:37:35.1340570] UObjectBase::NamePrivate = 0x18
[2025-05-13 15:37:35.1340806] UObjectBase::InitialLifeSpan = 0x94
[2025-05-13 15:37:35.1341066] UObjectBase::AudioDeviceHandle = 0xF0
[2025-05-13 15:37:35.1341341] UObjectBase::InputPriority = 0xF4
[2025-05-13 15:37:35.1341858] UObjectBase::bDisableSplitScreenOverride = 0x358
[2025-05-13 15:37:35.1342221] UObjectBase::Window = 0xF8
[2025-05-13 15:37:35.1342549] UObjectBase::OuterPrivate = 0x20
[2025-05-13 15:37:35.1343405] UObjectBase::CurrentBufferVisualizationMode = 0x128
[2025-05-13 15:37:35.1344180] UObjectBase::DebugProperties = 0x48
[2025-05-13 15:37:35.1345807] UObjectBase::EngineShowFlags = 0xB8
[2025-05-13 15:37:35.1346270] UObjectBase::AutoReceiveInput = 0xF3
[2025-05-13 15:37:35.1346513] UObjectBase::GameLayerManagerPtr = 0x118
[2025-05-13 15:37:35.1347379] UObjectBase::OnClicked = 0x187
[2025-05-13 15:37:35.1349134] UObjectBase::OnActorBeginOverlap = 0x183
[2025-05-13 15:37:35.1369435] UObjectBase::HighResScreenshotDialog = 0x130
[2025-05-13 15:37:35.1386233] UObjectBase::bHasAudioFocus = 0xF4
[2025-05-13 15:37:35.1386786] UObjectBase::OnEndPlay = 0x18F
[2025-05-13 15:37:35.1387207] UObjectBase::ViewportOverlayWidget = 0x108
[2025-05-13 15:37:35.1387519] UObjectBase::MaxSplitscreenPlayers = 0x68
[2025-05-13 15:37:35.1387766] UObjectBase::MouseCaptureMode = 0x35A
[2025-05-13 15:37:35.1388029] UObjectBase::Layers = 0x150
[2025-05-13 15:37:35.1388280] UObjectBase::SplitscreenInfo = 0x58
[2025-05-13 15:37:35.1388522] UObjectBase::StatHitchesData = 0x350
[2025-05-13 15:37:35.1388758] UObjectBase::OnBeginCursorOver = 0x185
[2025-05-13 15:37:35.1388981] UObjectBase::StatUnitData = 0x348
[2025-05-13 15:37:35.1389202] UObjectBase::ViewModeIndex = 0xB0
[2025-05-13 15:37:35.1389769] UObjectBase::Viewport = 0xE0
[2025-05-13 15:37:35.1390119] UObjectBase::ViewportConsole = 0x40
[2025-05-13 15:37:35.1390463] UObjectBase::bDisableWorldRendering = 0x6C
[2025-05-13 15:37:35.1390701] UObjectBase::bHideCursorDuringCapture = 0x35B
[2025-05-13 15:37:35.1397248] UObjectBase::DetachFence = 0x210
[2025-05-13 15:37:35.1406206] UObjectBase::CreationTime = 0x9C
[2025-05-13 15:37:35.1409182] UObjectBase::bIgnoreInput = 0x359
[2025-05-13 15:37:35.1410098] UObjectBase::bActorEnableCollision = 0x5C
[2025-05-13 15:37:35.1414681] UObjectBase::bIsMouseOverClient = 0x35D
[2025-05-13 15:37:35.1417631] UObjectBase::OnActorEndOverlap = 0x184
[2025-05-13 15:37:35.1418170] UObjectBase::NetDormancy = 0xF1
[2025-05-13 15:37:35.1418910] UObjectBase::NetDriverName = 0xE8
[2025-05-13 15:37:35.1419386] UObjectBase::bIsPlayInEditorViewport = 0x6C
[2025-05-13 15:37:35.1420041] UObjectBase::bShowTitleSafeZone = 0x6C
[2025-05-13 15:37:35.1421053] UObjectBase::bSuppressTransitionMessage = 0x88
[2025-05-13 15:37:35.1421676] UObjectBase::OnInputTouchEnd = 0x18A
[2025-05-13 15:37:35.1422173] UObjectBase::bHasDeferredComponentRegistration = 0x5C
[2025-05-13 15:37:35.1422551] UObjectBase::AttachmentReplication = 0xA0
[2025-05-13 15:37:35.1422797] UObjectBase::ControllingMatineeActors = 0x138
[2025-05-13 15:37:35.1423046] UObjectBase::DefaultUpdateOverlapsMethodDuringLevelStreaming = 0x5E
[2025-05-13 15:37:35.1423646] UObjectBase::InputComponent = 0xF8
[2025-05-13 15:37:35.1423941] UObjectBase::LastRenderTime = 0x114
[2025-05-13 15:37:35.1424168] UObjectBase::MinNetUpdateFrequency = 0x10C
[2025-05-13 15:37:35.1424403] UObjectBase::NetCullDistanceSquared = 0x100
[2025-05-13 15:37:35.1424631] UObjectBase::NetTag = 0x104
[2025-05-13 15:37:35.1424853] UObjectBase::NetPriority = 0x110
[2025-05-13 15:37:35.1425151] UObjectBase::NetUpdateFrequency = 0x108
[2025-05-13 15:37:35.1425816] UObjectBase::OnActorHit = 0x18D
[2025-05-13 15:37:35.1426411] UObjectBase::OnDestroyed = 0x18E
[2025-05-13 15:37:35.1426853] UObjectBase::OnInputTouchBegin = 0x189
[2025-05-13 15:37:35.1427449] UObjectBase::OnInputTouchEnter = 0x18B
[2025-05-13 15:37:35.1427847] UObjectBase::OnInputTouchLeave = 0x18C
[2025-05-13 15:37:35.1428103] UObjectBase::OnReleased = 0x188
[2025-05-13 15:37:35.1428494] UObjectBase::OnTakeAnyDamage = 0x180
[2025-05-13 15:37:35.1429361] UObjectBase::OnTakePointDamage = 0x181
[2025-05-13 15:37:35.1429652] UObjectBase::OnTakeRadialDamage = 0x182
[2025-05-13 15:37:35.1430076] UObjectBase::ParentComponent = 0x160
[2025-05-13 15:37:35.1430786] UObjectBase::PrimaryActorTick = 0x28
[2025-05-13 15:37:35.1431468] UObjectBase::RemoteRole = 0x5F
[2025-05-13 15:37:35.1439789] UObjectBase::ReplicatedMovement = 0x60
[2025-05-13 15:37:35.1446574] UObjectBase::Role = 0xF0
[2025-05-13 15:37:35.1447212] UObjectBase::RootComponent = 0x130
[2025-05-13 15:37:35.1447519] UObjectBase::SpawnCollisionHandlingMethod = 0xF2
[2025-05-13 15:37:35.1452786] UObjectBase::Tags = 0x170
[2025-05-13 15:37:35.1454291] UObjectBase::TimerHandle_LifeSpanExpired = 0x148
[2025-05-13 15:37:35.1455579] UObjectBase::UpdateOverlapsMethodDuringLevelStreaming = 0x5D
[2025-05-13 15:37:35.1458783] UObjectBase::bActorBeginningPlayFromLevelStreaming = 0x5B
[2025-05-13 15:37:35.1459721] UObjectBase::bActorInitialized = 0x5B
[2025-05-13 15:37:35.1462050] UObjectBase::bNetStartup = 0x58
[2025-05-13 15:37:35.1463627] UObjectBase::bActorIsBeingConstructed = 0x168
[2025-05-13 15:37:35.1465936] UObjectBase::bActorIsBeingDestroyed = 0x5C
[2025-05-13 15:37:35.1469841] UObjectBase::bActorSeamlessTraveled = 0x5A
[2025-05-13 15:37:35.1486931] UObjectBase::bActorWantsDestroyDuringBeginPlay = 0x5C
[2025-05-13 15:37:35.1497347] UObjectBase::bAllowReceiveTickEventOnDedicatedServer = 0x5B
[2025-05-13 15:37:35.1498549] UObjectBase::bAllowTickBeforeBeginPlay = 0x59
[2025-05-13 15:37:35.1501993] UObjectBase::bAlwaysRelevant = 0x58
[2025-05-13 15:37:35.1505439] UObjectBase::bAutoDestroyWhenFinished = 0x59
[2025-05-13 15:37:35.1506059] UObjectBase::bBlockInput = 0x5A
[2025-05-13 15:37:35.1506953] UObjectBase::bCanBeDamaged = 0x59
[2025-05-13 15:37:35.1507357] UObjectBase::bCanBeInCluster = 0x5B
[2025-05-13 15:37:35.1507610] UObjectBase::bCollideWhenPlacing = 0x5A
[2025-05-13 15:37:35.1507849] UObjectBase::bEnableAutoLODGeneration = 0x5A
[2025-05-13 15:37:35.1508078] UObjectBase::bExchangedRoles = 0x58
[2025-05-13 15:37:35.1508301] UObjectBase::bGenerateOverlapEventsDuringLevelStreaming = 0x5A
[2025-05-13 15:37:35.1509121] UObjectBase::bHasFinishedSpawning = 0x5B
[2025-05-13 15:37:35.1510107] UObjectBase::bHidden = 0x58
[2025-05-13 15:37:35.1510597] UObjectBase::bIgnoresOriginShifting = 0x5A
[2025-05-13 15:37:35.1510983] UObjectBase::bIsEditorOnlyActor = 0x5A
[2025-05-13 15:37:35.1511230] UObjectBase::bNetCheckedInitialPhysicsState = 0x5B
[2025-05-13 15:37:35.1511463] UObjectBase::bNetLoadOnClient = 0x59
[2025-05-13 15:37:35.1511692] UObjectBase::ActorHasBegunPlay = 0x5C
[2025-05-13 15:37:35.1511917] UObjectBase::bNetTemporary = 0x58
[2025-05-13 15:37:35.1512300] UObjectBase::bNetUseOwnerRelevancy = 0x59
[2025-05-13 15:37:35.1513003] UObjectBase::bOnlyRelevantToOwner = 0x58
[2025-05-13 15:37:35.1513451] UObjectBase::bRelevantForLevelBounds = 0x59
[2025-05-13 15:37:35.1514150] UObjectBase::bRelevantForNetworkReplays = 0x59
[2025-05-13 15:37:35.1514807] UObjectBase::bReplayRewindable = 0x59
[2025-05-13 15:37:35.1515186] UObjectBase::bReplicateMovement = 0x58
[2025-05-13 15:37:35.1515423] UObjectBase::bReplicates = 0x5B
[2025-05-13 15:37:35.1515643] UObjectBase::bRunningUserConstructionScript = 0x5C
[2025-05-13 15:37:35.1515880] UObjectBase::bTearOff = 0x58
[2025-05-13 15:37:35.1523171] UObjectBase::bTickFunctionsRegistered = 0x5B
[2025-05-13 15:37:35.1533165] UObjectBase::Children = 0x120
[2025-05-13 15:37:35.1536170] UObjectBase::Owner = 0xE0
[2025-05-13 15:37:35.1536818] UObjectBase::CursorWidgets = 0x1E0
[2025-05-13 15:37:35.1537188] UObjectBase::HardwareCursorCache = 0x140
[2025-05-13 15:37:35.1537446] UObjectBase::HardwareCursors = 0x190
[2025-05-13 15:37:35.1537676] UScriptStruct::StructFlags = 0xB0
[2025-05-13 15:37:35.1538255] UScriptStruct::CppStructOps = 0xB8
[2025-05-13 15:37:35.1542101] UScriptStruct::bPrepareCppStructOpsCompleted = 0xB4
[2025-05-13 15:37:35.1543076] UScriptStruct::ICppStructOps::Alignment = 0xC
[2025-05-13 15:37:35.1543693] UScriptStruct::ICppStructOps::Size = 0x8
[2025-05-13 15:37:35.1544242] FField::ClassPrivate = 0x8
[2025-05-13 15:37:35.1544490] FField::NamePrivate = 0x28
[2025-05-13 15:37:35.1544705] FField::FlagsPrivate = 0x30
[2025-05-13 15:37:35.1544912] FField::Next = 0x20
[2025-05-13 15:37:35.1545122] FField::Owner = 0x10
[2025-05-13 15:37:35.1545325] FOutputDevice::bAutoEmitLineTerminator = 0x9
[2025-05-13 15:37:35.1546588] FOutputDevice::bSuppressEventTag = 0x8
[2025-05-13 15:37:35.1551645] FEnumProperty::Enum = 0x80
[2025-05-13 15:37:35.1552238] FEnumProperty::UnderlyingProp = 0x78
[2025-05-13 15:37:35.1553099] UStruct::DestructorLink = 0x80
[2025-05-13 15:37:35.1553454] UStruct::Children = 0x48
[2025-05-13 15:37:35.1553690] UStruct::ChildProperties = 0x50
[2025-05-13 15:37:35.1553907] UStruct::PostConstructLink = 0x88
[2025-05-13 15:37:35.1554425] UStruct::UnresolvedScriptProperties = 0xA0
[2025-05-13 15:37:35.1555034] UStruct::MinAlignment = 0x5C
[2025-05-13 15:37:35.1555557] UStruct::PropertiesSize = 0x58
[2025-05-13 15:37:35.1556106] UStruct::PropertyLink = 0x70
[2025-05-13 15:37:35.1556632] UStruct::RefLink = 0x78
[2025-05-13 15:37:35.1556989] UStruct::Script = 0x60
[2025-05-13 15:37:35.1557221] UStruct::ScriptAndPropertyObjectReferences = 0x90
[2025-05-13 15:37:35.1557461] UStruct::SuperStruct = 0x40
[2025-05-13 15:37:35.1563970] UFunction::EventGraphCallOffset = 0xD0
[2025-05-13 15:37:35.1572428] UFunction::EventGraphFunction = 0xC8
[2025-05-13 15:37:35.1577591] UFunction::RPCId = 0xBA
[2025-05-13 15:37:35.1578459] UFunction::FirstPropertyToInit = 0xC0
[2025-05-13 15:37:35.1578973] UFunction::Func = 0xD8
[2025-05-13 15:37:35.1581070] UFunction::FunctionFlags = 0xB0
[2025-05-13 15:37:35.1581566] UFunction::NumParms = 0xB4
[2025-05-13 15:37:35.1582132] UFunction::ParmsSize = 0xB6
[2025-05-13 15:37:35.1582617] UFunction::RPCResponseId = 0xBC
[2025-05-13 15:37:35.1583098] UFunction::ReturnValueOffset = 0xB8
[2025-05-13 15:37:35.1583560] UField::Next = 0x28
[2025-05-13 15:37:35.1583807] FProperty::ArrayDim = 0x38
[2025-05-13 15:37:35.1584050] FProperty::DestructorLinkNext = 0x68
[2025-05-13 15:37:35.1584688] FProperty::ElementSize = 0x3C
[2025-05-13 15:37:35.1584951] FProperty::NextRef = 0x60
[2025-05-13 15:37:35.1585623] FProperty::Offset_Internal = 0x4C
[2025-05-13 15:37:35.1586055] FProperty::PostConstructLinkNext = 0x70
[2025-05-13 15:37:35.1586610] FProperty::PropertyLinkNext = 0x58
[2025-05-13 15:37:35.1587073] FProperty::PropertyFlags = 0x40
[2025-05-13 15:37:35.1587316] FProperty::RepIndex = 0x48
[2025-05-13 15:37:35.1587548] FProperty::RepNotifyFunc = 0x50
[2025-05-13 15:37:35.1587775] UWorld::bAllowAudioPlayback = 0x10E
[2025-05-13 15:37:35.1587998] UWorld::ActiveLevelCollectionIndex = 0x158
[2025-05-13 15:37:35.1588233] UWorld::AudioTimeSeconds = 0x5A4
[2025-05-13 15:37:35.1588660] UWorld::CommittedPersistentLevelName = 0x608
[2025-05-13 15:37:35.1589747] UWorld::bInTick = 0x10B
[2025-05-13 15:37:35.1590886] UWorld::CleanupWorldTag = 0x614
[2025-05-13 15:37:35.1593901] UWorld::BuildStreamingDataTimer = 0x3C8
[2025-05-13 15:37:35.1594473] UWorld::bPlayersOnly = 0x10D
[2025-05-13 15:37:35.1594898] UWorld::DeltaTimeSeconds = 0x5A8
[2025-05-13 15:37:35.1597783] UWorld::ExtraReferencedObjects = 0x68
[2025-05-13 15:37:35.1598336] UWorld::LastTimeUnbuiltLightingWasEncountered = 0x590
[2025-05-13 15:37:35.1599181] UWorld::NextSwitchCountdown = 0x5D4
[2025-05-13 15:37:35.1604285] UWorld::bMaterialParameterCollectionInstanceNeedsDeferredUpdate = 0x10F
[2025-05-13 15:37:35.1608916] UWorld::RealTimeSeconds = 0x5A0
[2025-05-13 15:37:35.1613981] UWorld::NextURL = 0x5E8
[2025-05-13 15:37:35.1617963] UWorld::NumStreamingLevelsBeingLoaded = 0x5E2
[2025-05-13 15:37:35.1618948] UWorld::OriginOffsetThisFrame = 0x5C8
[2025-05-13 15:37:35.1619455] UWorld::PauseDelay = 0x5AC
[2025-05-13 15:37:35.1619986] UWorld::PerModuleDataObjects = 0x78
[2025-05-13 15:37:35.1620873] UWorld::bIsDefaultLevel = 0x10C
[2025-05-13 15:37:35.1621687] UWorld::PlayerNum = 0x550
[2025-05-13 15:37:35.1622259] UWorld::PreparingLevelNames = 0x5F8
[2025-05-13 15:37:35.1622641] UWorld::bAggressiveLOD = 0x10C
[2025-05-13 15:37:35.1622889] UWorld::StreamingLevelsPrefix = 0xC0
[2025-05-13 15:37:35.1623130] UWorld::bTriggerPostLoadMap = 0x10B
[2025-05-13 15:37:35.1623352] UWorld::bIsLevelStreamingFrozen = 0x10B
[2025-05-13 15:37:35.1624083] UWorld::StreamingVolumeUpdateDelay = 0x554
[2025-05-13 15:37:35.1624846] UWorld::bIsBuilt = 0x10B
[2025-05-13 15:37:35.1626154] UWorld::TimeSeconds = 0x598
[2025-05-13 15:37:35.1626646] UWorld::UnpausedTimeSeconds = 0x59C
[2025-05-13 15:37:35.1626899] UWorld::ViewLocationsRenderedLastFrame = 0xF8
[2025-05-13 15:37:35.1627151] UWorld::bActorsInitialized = 0x10C
[2025-05-13 15:37:35.1627386] UWorld::bIsTearingDown = 0x10D
[2025-05-13 15:37:35.1627616] UWorld::bAreConstraintsDirty = 0x10E
[2025-05-13 15:37:35.1627835] UWorld::bBegunPlay = 0x10D
[2025-05-13 15:37:35.1628575] UWorld::bDebugPauseExecution = 0x10D
[2025-05-13 15:37:35.1629454] UWorld::bDoDelayedUpdateCullDistanceVolumes = 0x10C
[2025-05-13 15:37:35.1630330] UWorld::bRequestedBlockOnAsyncLoading = 0x10C
[2025-05-13 15:37:35.1631309] UWorld::bDropDetail = 0x10C
[2025-05-13 15:37:35.1631738] UWorld::bMatchStarted = 0x10D
[2025-05-13 15:37:35.1632085] UWorld::bIsCameraMoveableWhenPaused = 0x10E
[2025-05-13 15:37:35.1632341] UWorld::bIsRunningConstructionScript = 0x10C
[2025-05-13 15:37:35.1632775] UWorld::bShouldSimulatePhysics = 0x10C
[2025-05-13 15:37:35.1633648] UWorld::bIsWorldInitialized = 0x10B
[2025-05-13 15:37:35.1634130] UWorld::bKismetScriptError = 0x10D
[2025-05-13 15:37:35.1634826] UWorld::bMarkedObjectsPendingKill = 0x610
[2025-05-13 15:37:35.1635193] UWorld::bWorldWasLoadedThisTick = 0x10B
[2025-05-13 15:37:35.1635444] UWorld::bPlayersOnlyPending = 0x10D
[2025-05-13 15:37:35.1635676] UWorld::bPostTickComponentUpdate = 0x10B
[2025-05-13 15:37:35.1635909] UWorld::bRequiresHitProxies = 0x10E
[2025-05-13 15:37:35.1636131] UWorld::bShouldForceUnloadStreamingLevels = 0x10E
[2025-05-13 15:37:35.1636797] UWorld::bShouldForceVisibleStreamingLevels = 0x10E
[2025-05-13 15:37:35.1637763] UWorld::bShouldTick = 0x10E
[2025-05-13 15:37:35.1638390] UWorld::bStartup = 0x10D
[2025-05-13 15:37:35.1639656] UWorld::bStreamingDataDirty = 0x10E
[2025-05-13 15:37:35.1640050] UWorld::AuthorityGameMode = 0x118
[2025-05-13 15:37:35.1640290] UWorld::bTickNewlySpawned = 0x10B
[2025-05-13 15:37:35.1640509] UClass::ClassConstructor = 0xB0
[2025-05-13 15:37:35.1640734] UClass::ClassAddReferencedObjects = 0xC0
[2025-05-13 15:37:35.1649510] UClass::bCooked = 0xC8
[2025-05-13 15:37:35.1654217] UClass::ClassConfigName = 0xE8
[2025-05-13 15:37:35.1655875] UClass::ClassDefaultObject = 0x118
[2025-05-13 15:37:35.1656695] UClass::ClassFlags = 0xCC
[2025-05-13 15:37:35.1657876] UClass::ClassGeneratedBy = 0xE0
[2025-05-13 15:37:35.1658251] UClass::ClassUnique = 0xC8
[2025-05-13 15:37:35.1661881] UClass::ClassVTableHelperCtorCaller = 0xB8
[2025-05-13 15:37:35.1662267] UClass::ClassWithin = 0xD8
[2025-05-13 15:37:35.1662957] UClass::FirstOwnedClassRep = 0x110
[2025-05-13 15:37:35.1663541] UClass::Interfaces = 0x1D8
[2025-05-13 15:37:35.1664021] UClass::NetFields = 0x100
[2025-05-13 15:37:35.1664497] UClass::SparseClassData = 0x120
[2025-05-13 15:37:35.1664866] UClass::SparseClassDataStruct = 0x128
[2025-05-13 15:37:35.1665125] UClass::FuncMap = 0x130
[2025-05-13 15:37:35.1665348] UClass::SuperFuncMap = 0x180
[2025-05-13 15:37:35.1665572] UEnum::CppForm = 0x50
[2025-05-13 15:37:35.1665796] UEnum::CppType = 0x30
[2025-05-13 15:37:35.1669531] UEnum::EnumDisplayNameFn = 0x58
[2025-05-13 15:37:35.1670315] UEnum::EnumFlags_Internal = 0x54
[2025-05-13 15:37:35.1671328] UEnum::Names = 0x40
[2025-05-13 15:37:35.1671773] FObjectPropertyBase::PropertyClass = 0x78
[2025-05-13 15:37:35.1672060] FDelegateProperty::SignatureFunction = 0x78
[2025-05-13 15:37:35.1672306] FMulticastDelegateProperty::SignatureFunction = 0x78
[2025-05-13 15:37:35.1672582] FSetProperty::ElementProp = 0x78
[2025-05-13 15:37:35.1673186] FStructProperty::Struct = 0x78
[2025-05-13 15:37:35.1673739] FArrayProperty::ArrayFlags = 0x80
[2025-05-13 15:37:35.1674190] FArrayProperty::Inner = 0x78
[2025-05-13 15:37:35.1674744] FMapProperty::KeyProp = 0x78
[2025-05-13 15:37:35.1675201] FMapProperty::ValueProp = 0x80
[2025-05-13 15:37:35.1675450] FMapProperty::MapFlags = 0xA0
[2025-05-13 15:37:35.1675677] FBoolProperty::FieldMask = 0x7B
[2025-05-13 15:37:35.1675899] FBoolProperty::ByteMask = 0x7A
[2025-05-13 15:37:35.1676116] FBoolProperty::FieldSize = 0x78
[2025-05-13 15:37:35.1676336] FBoolProperty::ByteOffset = 0x79
[2025-05-13 15:37:35.1677016] FByteProperty::Enum = 0x78
[2025-05-13 15:37:35.1677449] FClassProperty::MetaClass = 0x80
[2025-05-13 15:37:35.1677957] FSoftClassProperty::MetaClass = 0x80
[2025-05-13 15:37:35.1678411] FInterfaceProperty::InterfaceClass = 0x78
[2025-05-13 15:37:35.1678885] FFieldPathProperty::PropertyClass = 0x78
[2025-05-13 15:37:35.1679302] 
##### MEMBER OFFSETS END #####

[2025-05-13 15:37:35.1679803] m_shared_functions: 0x67bac30
[2025-05-13 15:37:35.1684121] Input source set to: Win32Async
[2025-05-13 15:37:35.1789387] Enabling custom events
[2025-05-13 15:37:35.1794330] Starting mods (from mods.txt load order)...
[2025-05-13 15:37:35.1797668] Starting Lua mod 'CheatManagerEnablerMod'
[2025-05-13 15:37:35.1807396] [RegisterHook] Registered native hook (1, 2) for Function /Script/Engine.PlayerController:ClientRestart
[2025-05-13 15:37:35.1821137] Mod 'ActorDumperMod' disabled in mods.txt.
[2025-05-13 15:37:35.1826223] Starting Lua mod 'ConsoleCommandsMod'
[2025-05-13 15:37:35.1843621] Starting Lua mod 'ConsoleEnablerMod'
[2025-05-13 15:37:35.1875116] [Lua] [ConsoleEnabler] ConsoleKey[1]: Tilde
[2025-05-13 15:37:35.1884619] [Lua] [ConsoleEnabler] ConsoleKey[2]: F10
[2025-05-13 15:37:35.1886993] Mod 'SplitScreenMod' disabled in mods.txt.
[2025-05-13 15:37:35.1887775] Starting Lua mod 'LineTraceMod'
[2025-05-13 15:37:35.1906163] [Lua] [LineTraceMod] KismetSystemLibrary: KismetSystemLibrary /Script/Engine.Default__KismetSystemLibrary
[2025-05-13 15:37:35.1925383] [Lua] [LineTraceMod] KismetMathLibrary: KismetMathLibrary /Script/Engine.Default__KismetMathLibrary
[2025-05-13 15:37:35.1930070] Starting Lua mod 'BPML_GenericFunctions'
[2025-05-13 15:37:35.1935574] Starting Lua mod 'BPModLoaderMod'
[2025-05-13 15:37:35.2045460] [Lua::execute_file] lua_pcall returned LUA_ERRRUN => ...pping\plugins\ue4ss\Mods\BPModLoaderMod\scripts\main.lua:119: attempt to index a nil value (field 'Paks')
[2025-05-13 15:37:35.2051885] Mod 'jsbLuaProfilerMod' disabled in mods.txt.
[2025-05-13 15:37:35.2054879] Starting Lua mod 'Keybinds'
[2025-05-13 15:37:35.2072703] Starting mods (from enabled.txt, no defined load order)...
[2025-05-13 15:37:35.2075760] Event loop start
